<?xml version="1.0" encoding="UTF-8"?>
<!-- Generated by org.testng.reporters.JUnitXMLReporter -->
<testsuite hostname="DESKTOP-HJFUPPQ" ignored="1" name="TestMobile_eTaller" tests="4" failures="0" timestamp="2020-04-24T01:58:35 COT" time="56.078" errors="0">
  <testcase name="IniciarSesion" time="10.619" classname="eTaller.appium.main.mainTest2"/>
  <testcase name="Test_NativeView" time="13.209" classname="eTaller.appium.main.mainTest2"/>
  <testcase name="Test_DragAndDrop" time="16.708" classname="eTaller.appium.main.mainTest2"/>
  <testcase name="testCaseSkipException" time="0.005" classname="eTaller.appium.main.mainTest2"/>
  <testcase name="Test_Slider" time="0.0" classname="eTaller.appium.main.mainTest2">
    <ignored/>
  </testcase> <!-- Test_Slider -->
</testsuite> <!-- TestMobile_eTaller -->
